<testsuites id="" name="" tests="3" failures="2" skipped="0" errors="0" time="26.299453">
<testsuite name="10-admin-overlay.spec.ts" timestamp="2025-12-17T01:09:44.595Z" hostname="chromium" tests="3" failures="2" skipped="0" time="22.315" errors="0">
<testcase name="Admin Pages - Overlay Mode › User Management - Overlay › should navigate to admin users page" classname="10-admin-overlay.spec.ts" time="3.095">
<system-out>
<![CDATA[Navigated to login page
Submitted login form
Login successful, redirected to dashboard
Navigated to admin users page
Successfully navigated to admin users page
]]>
</system-out>
</testcase>
<testcase name="Admin Pages - Overlay Mode › User Management - Overlay › should open overlay when clicking user action button" classname="10-admin-overlay.spec.ts" time="9.409">
<failure message="10-admin-overlay.spec.ts:30:9 should open overlay when clicking user action button" type="FAILURE">
<![CDATA[  [chromium] › 10-admin-overlay.spec.ts:30:9 › Admin Pages - Overlay Mode › User Management - Overlay › should open overlay when clicking user action button 

    Error: expect(locator).toBeVisible() failed

    Locator: locator('[role="dialog"]')
    Expected: visible
    Timeout: 5000ms
    Error: element(s) not found

    Call log:
      - Expect "toBeVisible" with timeout 5000ms
      - waiting for locator('[role="dialog"]')


      52 |       // Check if overlay is visible
      53 |       const overlay = page.locator('[role="dialog"]');
    > 54 |       await expect(overlay).toBeVisible({ timeout: 5000 });
         |                             ^
      55 |
      56 |       // Check overlay content
      57 |       await expect(page.locator('text=User Details')).toBeVisible();
        at C:\Users\carri\Downloads\Sean's Offline\workspsace\allowance\client\e2e\10-admin-overlay.spec.ts:54:29

    attachment #1: screenshot (image/png) ──────────────────────────────────────────────────────────
    ..\test-results\10-admin-overlay-Admin-Pag-3e5da-clicking-user-action-button-chromium\test-failed-1.png
    ────────────────────────────────────────────────────────────────────────────────────────────────

    attachment #2: video (video/webm) ──────────────────────────────────────────────────────────────
    ..\test-results\10-admin-overlay-Admin-Pag-3e5da-clicking-user-action-button-chromium\video.webm
    ────────────────────────────────────────────────────────────────────────────────────────────────

    Error Context: ..\test-results\10-admin-overlay-Admin-Pag-3e5da-clicking-user-action-button-chromium\error-context.md
]]>
</failure>
<system-out>
<![CDATA[
[[ATTACHMENT|test-results\10-admin-overlay-Admin-Pag-3e5da-clicking-user-action-button-chromium\test-failed-1.png]]

[[ATTACHMENT|test-results\10-admin-overlay-Admin-Pag-3e5da-clicking-user-action-button-chromium\video.webm]]

[[ATTACHMENT|test-results\10-admin-overlay-Admin-Pag-3e5da-clicking-user-action-button-chromium\error-context.md]]
]]>
</system-out>
</testcase>
<testcase name="Admin Pages - Overlay Mode › User Management - Overlay › should close overlay on close button click" classname="10-admin-overlay.spec.ts" time="9.811">
<failure message="10-admin-overlay.spec.ts:61:9 should close overlay on close button click" type="FAILURE">
<![CDATA[  [chromium] › 10-admin-overlay.spec.ts:61:9 › Admin Pages - Overlay Mode › User Management - Overlay › should close overlay on close button click 

    TimeoutError: page.waitForSelector: Timeout 5000ms exceeded.
    Call log:
      - waiting for locator('[role="dialog"]') to be visible


      81 |
      82 |       // Wait for overlay to be visible
    > 83 |       await page.waitForSelector('[role="dialog"]', { timeout: 5000 });
         |                  ^
      84 |
      85 |       // Click close button (X icon)
      86 |       await page.click('button[aria-label="Close"]');
        at C:\Users\carri\Downloads\Sean's Offline\workspsace\allowance\client\e2e\10-admin-overlay.spec.ts:83:18

    attachment #1: screenshot (image/png) ──────────────────────────────────────────────────────────
    ..\test-results\10-admin-overlay-Admin-Pag-019f2-erlay-on-close-button-click-chromium\test-failed-1.png
    ────────────────────────────────────────────────────────────────────────────────────────────────

    attachment #2: video (video/webm) ──────────────────────────────────────────────────────────────
    ..\test-results\10-admin-overlay-Admin-Pag-019f2-erlay-on-close-button-click-chromium\video.webm
    ────────────────────────────────────────────────────────────────────────────────────────────────

    Error Context: ..\test-results\10-admin-overlay-Admin-Pag-019f2-erlay-on-close-button-click-chromium\error-context.md
]]>
</failure>
<system-out>
<![CDATA[
[[ATTACHMENT|test-results\10-admin-overlay-Admin-Pag-019f2-erlay-on-close-button-click-chromium\test-failed-1.png]]

[[ATTACHMENT|test-results\10-admin-overlay-Admin-Pag-019f2-erlay-on-close-button-click-chromium\video.webm]]

[[ATTACHMENT|test-results\10-admin-overlay-Admin-Pag-019f2-erlay-on-close-button-click-chromium\error-context.md]]
]]>
</system-out>
</testcase>
</testsuite>
</testsuites>