<testsuites id="" name="" tests="1" failures="1" skipped="0" errors="0" time="4.373435">
<testsuite name="10-permission-system.spec.ts" timestamp="2025-12-17T06:55:06.634Z" hostname="chromium" tests="1" failures="1" skipped="0" time="2.261" errors="0">
<testcase name="Permission System - Free User › free user should not see admin panel" classname="10-permission-system.spec.ts" time="2.261">
<failure message="10-permission-system.spec.ts:24:7 free user should not see admin panel" type="FAILURE">
<![CDATA[  [chromium] › 10-permission-system.spec.ts:24:7 › Permission System - Free User › free user should not see admin panel 

    Error: expect(received).toBe(expected) // Object.is equality

    Expected: true
    Received: false

      30 |     // Should show access denied
      31 |     const accessDenied = await page.locator('text=Access Denied').isVisible();
    > 32 |     expect(accessDenied).toBe(true);
         |                          ^
      33 |   });
      34 |
      35 |   test('free user can view their own licenses', async ({ authenticatedPage }) => {
        at C:\Users\carri\Downloads\Sean's Offline\workspsace\allowance\client\e2e\10-permission-system.spec.ts:32:26

    attachment #1: screenshot (image/png) ──────────────────────────────────────────────────────────
    ..\test-results\10-permission-system-Permi-af97d--should-not-see-admin-panel-chromium\test-failed-1.png
    ────────────────────────────────────────────────────────────────────────────────────────────────

    attachment #2: video (video/webm) ──────────────────────────────────────────────────────────────
    ..\test-results\10-permission-system-Permi-af97d--should-not-see-admin-panel-chromium\video.webm
    ────────────────────────────────────────────────────────────────────────────────────────────────

    Error Context: ..\test-results\10-permission-system-Permi-af97d--should-not-see-admin-panel-chromium\error-context.md
]]>
</failure>
<system-out>
<![CDATA[Login attempt 1/3 for free@allowance.test
Successfully logged in as free@allowance.test Final URL: http://localhost:3030/dashboard

[[ATTACHMENT|test-results\10-permission-system-Permi-af97d--should-not-see-admin-panel-chromium\test-failed-1.png]]

[[ATTACHMENT|test-results\10-permission-system-Permi-af97d--should-not-see-admin-panel-chromium\video.webm]]

[[ATTACHMENT|test-results\10-permission-system-Permi-af97d--should-not-see-admin-panel-chromium\error-context.md]]
]]>
</system-out>
</testcase>
</testsuite>
</testsuites>